d:\dhmt\lab03\lab03_bt2\debug\vc140.pdb
d:\dhmt\lab03\lab03_bt2\debug\vc140.idb
d:\dhmt\lab03\lab03_bt2\debug\entities.obj
d:\dhmt\lab03\lab03_bt2\debug\game.obj
d:\dhmt\lab03\lab03_bt2\debug\global.obj
d:\dhmt\lab03\lab03_bt2\debug\snake.obj
d:\dhmt\lab03\debug\lab03_bt2.ilk
d:\dhmt\lab03\debug\lab03_bt2.exe
d:\dhmt\lab03\debug\lab03_bt2.pdb
c:\users\administrator\desktop\dhmt\lab03\lab03_bt2\debug\entities.obj
c:\users\administrator\desktop\dhmt\lab03\lab03_bt2\debug\game.obj
c:\users\administrator\desktop\dhmt\lab03\lab03_bt2\debug\global.obj
c:\users\administrator\desktop\dhmt\lab03\lab03_bt2\debug\snake.obj
c:\users\administrator\desktop\dhmt\lab03\lab03_bt2\debug\vc140.idb
c:\users\administrator\desktop\dhmt\lab03\lab03_bt2\debug\vc140.pdb
c:\users\administrator\desktop\dhmt\lab03\debug\lab03_bt2.pdb
c:\users\administrator\desktop\dhmt\lab03\debug\lab03_bt2.exe
c:\users\administrator\desktop\dhmt\lab03\debug\lab03_bt2.ilk
c:\users\administrator\desktop\dhmt\lab03\lab03_bt2\debug\lab03_bt2.tlog\cl.command.1.tlog
c:\users\administrator\desktop\dhmt\lab03\lab03_bt2\debug\lab03_bt2.tlog\cl.read.1.tlog
c:\users\administrator\desktop\dhmt\lab03\lab03_bt2\debug\lab03_bt2.tlog\cl.write.1.tlog
c:\users\administrator\desktop\dhmt\lab03\lab03_bt2\debug\lab03_bt2.tlog\link.command.1.tlog
c:\users\administrator\desktop\dhmt\lab03\lab03_bt2\debug\lab03_bt2.tlog\link.read.1.tlog
c:\users\administrator\desktop\dhmt\lab03\lab03_bt2\debug\lab03_bt2.tlog\link.write.1.tlog
