d:\dhmt\lab03\lab03_bt3\debug\vc140.pdb
d:\dhmt\lab03\lab03_bt3\debug\vc140.idb
d:\dhmt\lab03\lab03_bt3\debug\ball.obj
d:\dhmt\lab03\lab03_bt3\debug\game.obj
d:\dhmt\lab03\lab03_bt3\debug\global.obj
d:\dhmt\lab03\lab03_bt3\debug\paddle.obj
d:\dhmt\lab03\lab03_bt3\debug\pong.obj
c:\users\administrator\desktop\dhmt\lab03\lab03_bt3\debug\vc140.pdb
c:\users\administrator\desktop\dhmt\lab03\lab03_bt3\debug\vc140.idb
c:\users\administrator\desktop\dhmt\lab03\lab03_bt3\debug\ball.obj
c:\users\administrator\desktop\dhmt\lab03\lab03_bt3\debug\game.obj
c:\users\administrator\desktop\dhmt\lab03\lab03_bt3\debug\global.obj
c:\users\administrator\desktop\dhmt\lab03\lab03_bt3\debug\paddle.obj
c:\users\administrator\desktop\dhmt\lab03\lab03_bt3\debug\pong.obj
d:\dhmt\lab03\debug\lab03_bt3.ilk
d:\dhmt\lab03\debug\lab03_bt3.exe
d:\dhmt\lab03\debug\lab03_bt3.pdb
c:\users\administrator\desktop\dhmt\lab03\debug\lab03_bt3.ilk
c:\users\administrator\desktop\dhmt\lab03\debug\lab03_bt3.exe
c:\users\administrator\desktop\dhmt\lab03\debug\lab03_bt3.pdb
c:\users\administrator\desktop\dhmt\lab03\lab03_bt3\debug\lab03_bt3.tlog\cl.command.1.tlog
c:\users\administrator\desktop\dhmt\lab03\lab03_bt3\debug\lab03_bt3.tlog\cl.read.1.tlog
c:\users\administrator\desktop\dhmt\lab03\lab03_bt3\debug\lab03_bt3.tlog\cl.write.1.tlog
c:\users\administrator\desktop\dhmt\lab03\lab03_bt3\debug\lab03_bt3.tlog\link.command.1.tlog
c:\users\administrator\desktop\dhmt\lab03\lab03_bt3\debug\lab03_bt3.tlog\link.read.1.tlog
c:\users\administrator\desktop\dhmt\lab03\lab03_bt3\debug\lab03_bt3.tlog\link.write.1.tlog
